2021-04-07 10:47:22,175  [1]  ERROR  组件没有名称：DandingService
2021-04-07 10:47:22,250  [1]  ERROR  组件没有名称：PermissionBaseService
2021-04-07 16:23:14,896  [1]  ERROR  组件没有名称：DandingService
2021-04-07 16:23:14,978  [1]  ERROR  组件没有名称：PermissionBaseService
2021-04-07 16:23:33,875  [14]  ERROR  查询数据异常
MySql.Data.MySqlClient.MySqlException (0x80004005): Authentication to host '127.0.0.1' for user 'root' using method 'mysql_native_password' failed with message: Unknown database 'tc'
 ---> MySql.Data.MySqlClient.MySqlException (0x80004005): Unknown database 'tc'
   at MySql.Data.MySqlClient.MySqlStream.ReadPacket()
   at MySql.Data.MySqlClient.NativeDriver.ReadPacket()
   at MySql.Data.MySqlClient.Authentication.MySqlAuthenticationPlugin.ReadPacket()
   at MySql.Data.MySqlClient.Authentication.MySqlAuthenticationPlugin.AuthenticationFailed(Exception ex)
   at MySql.Data.MySqlClient.Authentication.MySqlAuthenticationPlugin.ReadPacket()
   at MySql.Data.MySqlClient.Authentication.MySqlAuthenticationPlugin.Authenticate(Boolean reset)
   at MySql.Data.MySqlClient.NativeDriver.Authenticate(String authMethod, Boolean reset)
   at MySql.Data.MySqlClient.NativeDriver.Open()
   at MySql.Data.MySqlClient.Driver.Open()
   at MySql.Data.MySqlClient.Driver.Create(MySqlConnectionStringBuilder settings)
   at MySql.Data.MySqlClient.MySqlPool.CreateNewPooledConnection()
   at MySql.Data.MySqlClient.MySqlPool.GetPooledConnection()
   at MySql.Data.MySqlClient.MySqlPool.TryToGetDriver()
   at MySql.Data.MySqlClient.MySqlPool.GetConnection()
   at MySql.Data.MySqlClient.MySqlConnection.Open()
   at Public.DbHelper.MySql.MySqlClient.Query(String countSql, String dataSql) in F:\work\SpecialLocalProduct\TCService\Public.DbHelper\MySql\MySqlClient.cs:line 253
2021-04-07 16:23:46,506  [4]  ERROR  查询数据异常
MySql.Data.MySqlClient.MySqlException (0x80004005): Authentication to host '127.0.0.1' for user 'root' using method 'mysql_native_password' failed with message: Unknown database 'tc'
 ---> MySql.Data.MySqlClient.MySqlException (0x80004005): Unknown database 'tc'
   at MySql.Data.MySqlClient.MySqlStream.ReadPacket()
   at MySql.Data.MySqlClient.NativeDriver.ReadPacket()
   at MySql.Data.MySqlClient.Authentication.MySqlAuthenticationPlugin.ReadPacket()
   at MySql.Data.MySqlClient.Authentication.MySqlAuthenticationPlugin.AuthenticationFailed(Exception ex)
   at MySql.Data.MySqlClient.Authentication.MySqlAuthenticationPlugin.ReadPacket()
   at MySql.Data.MySqlClient.Authentication.MySqlAuthenticationPlugin.Authenticate(Boolean reset)
   at MySql.Data.MySqlClient.NativeDriver.Authenticate(String authMethod, Boolean reset)
   at MySql.Data.MySqlClient.NativeDriver.Open()
   at MySql.Data.MySqlClient.Driver.Open()
   at MySql.Data.MySqlClient.Driver.Create(MySqlConnectionStringBuilder settings)
   at MySql.Data.MySqlClient.MySqlPool.CreateNewPooledConnection()
   at MySql.Data.MySqlClient.MySqlPool.GetPooledConnection()
   at MySql.Data.MySqlClient.MySqlPool.TryToGetDriver()
   at MySql.Data.MySqlClient.MySqlPool.GetConnection()
   at MySql.Data.MySqlClient.MySqlConnection.Open()
   at Public.DbHelper.MySql.MySqlClient.Query(String countSql, String dataSql) in F:\work\SpecialLocalProduct\TCService\Public.DbHelper\MySql\MySqlClient.cs:line 253
2021-04-07 16:24:29,754  [1]  ERROR  组件没有名称：DandingService
2021-04-07 16:24:29,771  [1]  ERROR  组件没有名称：PermissionBaseService
2021-04-07 16:24:52,195  [1]  ERROR  组件没有名称：DandingService
2021-04-07 16:24:52,214  [1]  ERROR  组件没有名称：PermissionBaseService
2021-04-07 16:25:15,430  [1]  ERROR  组件没有名称：DandingService
2021-04-07 16:25:15,522  [1]  ERROR  组件没有名称：PermissionBaseService
2021-04-07 16:26:03,843  [1]  ERROR  组件没有名称：DandingService
2021-04-07 16:26:03,866  [1]  ERROR  组件没有名称：PermissionBaseService
2021-04-07 16:26:23,701  [17]  ERROR  查询数据异常
MySql.Data.MySqlClient.MySqlException (0x80004005): Authentication to host '127.0.0.1' for user 'root' using method 'mysql_native_password' failed with message: Unknown database 'tc'
 ---> MySql.Data.MySqlClient.MySqlException (0x80004005): Unknown database 'tc'
   at MySql.Data.MySqlClient.MySqlStream.ReadPacket()
   at MySql.Data.MySqlClient.NativeDriver.ReadPacket()
   at MySql.Data.MySqlClient.Authentication.MySqlAuthenticationPlugin.ReadPacket()
   at MySql.Data.MySqlClient.Authentication.MySqlAuthenticationPlugin.AuthenticationFailed(Exception ex)
   at MySql.Data.MySqlClient.Authentication.MySqlAuthenticationPlugin.ReadPacket()
   at MySql.Data.MySqlClient.Authentication.MySqlAuthenticationPlugin.Authenticate(Boolean reset)
   at MySql.Data.MySqlClient.NativeDriver.Authenticate(String authMethod, Boolean reset)
   at MySql.Data.MySqlClient.NativeDriver.Open()
   at MySql.Data.MySqlClient.Driver.Open()
   at MySql.Data.MySqlClient.Driver.Create(MySqlConnectionStringBuilder settings)
   at MySql.Data.MySqlClient.MySqlPool.CreateNewPooledConnection()
   at MySql.Data.MySqlClient.MySqlPool.GetPooledConnection()
   at MySql.Data.MySqlClient.MySqlPool.TryToGetDriver()
   at MySql.Data.MySqlClient.MySqlPool.GetConnection()
   at MySql.Data.MySqlClient.MySqlConnection.Open()
   at Public.DbHelper.MySql.MySqlClient.Query(String countSql, String dataSql) in F:\work\SpecialLocalProduct\TCService\Public.DbHelper\MySql\MySqlClient.cs:line 253
2021-04-07 16:26:24,687  [4]  ERROR  查询数据异常
MySql.Data.MySqlClient.MySqlException (0x80004005): Authentication to host '127.0.0.1' for user 'root' using method 'mysql_native_password' failed with message: Unknown database 'tc'
 ---> MySql.Data.MySqlClient.MySqlException (0x80004005): Unknown database 'tc'
   at MySql.Data.MySqlClient.MySqlStream.ReadPacket()
   at MySql.Data.MySqlClient.NativeDriver.ReadPacket()
   at MySql.Data.MySqlClient.Authentication.MySqlAuthenticationPlugin.ReadPacket()
   at MySql.Data.MySqlClient.Authentication.MySqlAuthenticationPlugin.AuthenticationFailed(Exception ex)
   at MySql.Data.MySqlClient.Authentication.MySqlAuthenticationPlugin.ReadPacket()
   at MySql.Data.MySqlClient.Authentication.MySqlAuthenticationPlugin.Authenticate(Boolean reset)
   at MySql.Data.MySqlClient.NativeDriver.Authenticate(String authMethod, Boolean reset)
   at MySql.Data.MySqlClient.NativeDriver.Open()
   at MySql.Data.MySqlClient.Driver.Open()
   at MySql.Data.MySqlClient.Driver.Create(MySqlConnectionStringBuilder settings)
   at MySql.Data.MySqlClient.MySqlPool.CreateNewPooledConnection()
   at MySql.Data.MySqlClient.MySqlPool.GetPooledConnection()
   at MySql.Data.MySqlClient.MySqlPool.TryToGetDriver()
   at MySql.Data.MySqlClient.MySqlPool.GetConnection()
   at MySql.Data.MySqlClient.MySqlConnection.Open()
   at Public.DbHelper.MySql.MySqlClient.Query(String countSql, String dataSql) in F:\work\SpecialLocalProduct\TCService\Public.DbHelper\MySql\MySqlClient.cs:line 253
2021-04-07 21:22:55,433  [1]  ERROR  组件没有名称：DandingService
2021-04-07 21:22:55,481  [1]  ERROR  组件没有名称：PermissionBaseService
2021-04-07 21:27:13,892  [1]  ERROR  组件没有名称：DandingService
2021-04-07 21:27:13,915  [1]  ERROR  组件没有名称：PermissionBaseService
2021-04-07 21:30:06,686  [1]  ERROR  组件没有名称：DandingService
2021-04-07 21:30:06,719  [1]  ERROR  组件没有名称：PermissionBaseService
2021-04-07 21:37:03,132  [1]  ERROR  组件没有名称：DandingService
2021-04-07 21:37:03,173  [1]  ERROR  组件没有名称：PermissionBaseService
2021-04-07 21:40:17,821  [1]  ERROR  组件没有名称：DandingService
2021-04-07 21:40:17,857  [1]  ERROR  组件没有名称：PermissionBaseService
2021-04-07 22:24:08,414  [1]  ERROR  组件没有名称：DandingService
2021-04-07 22:24:08,438  [1]  ERROR  组件没有名称：PermissionBaseService
2021-04-07 22:30:42,523  [1]  ERROR  组件没有名称：DandingService
2021-04-07 22:30:42,532  [1]  ERROR  组件没有名称：PermissionBaseService
