2021-01-18 22:00:58,925  [1]  ERROR  AutoMapperProfilesRegister Name:F:\work\SpecialLocalProduct\TCService\CBP.Main\bin\Debug\netcoreapp3.0\Business.LocationModels.dll
System.IO.FileNotFoundException: Could not load file or assembly 'Business.LocationModels, Culture=neutral, PublicKeyToken=null'. 系统找不到指定的文件。
File name: 'Business.LocationModels, Culture=neutral, PublicKeyToken=null'
   at System.Reflection.RuntimeAssembly.nLoad(AssemblyName fileName, String codeBase, RuntimeAssembly assemblyContext, StackCrawlMark& stackMark, Boolean throwOnFileNotFound, AssemblyLoadContext assemblyLoadContext)
   at System.Reflection.RuntimeAssembly.InternalLoadAssemblyName(AssemblyName assemblyRef, StackCrawlMark& stackMark, AssemblyLoadContext assemblyLoadContext)
   at System.Reflection.Assembly.Load(String assemblyString)
   at CBP.Main.Core.CoreAutoMapper.AutoMapperRegister.AutoMapperProfilesRegister(IServiceCollection services) in F:\work\SpecialLocalProduct\TCService\CBP.Main\Core\CoreAutoMapper\AutoMapperRegister.cs:line 34


2021-01-18 22:00:59,515  [1]  ERROR  组件实例化异常 Name:Business.LocationServices
System.IO.FileNotFoundException: Could not load file or assembly 'Business.LocationServices, Culture=neutral, PublicKeyToken=null'. 系统找不到指定的文件。
File name: 'Business.LocationServices, Culture=neutral, PublicKeyToken=null'
   at System.Reflection.RuntimeAssembly.nLoad(AssemblyName fileName, String codeBase, RuntimeAssembly assemblyContext, StackCrawlMark& stackMark, Boolean throwOnFileNotFound, AssemblyLoadContext assemblyLoadContext)
   at System.Reflection.RuntimeAssembly.InternalLoadAssemblyName(AssemblyName assemblyRef, StackCrawlMark& stackMark, AssemblyLoadContext assemblyLoadContext)
   at System.Reflection.Assembly.Load(AssemblyName assemblyRef, StackCrawlMark& stackMark, AssemblyLoadContext assemblyLoadContext)
   at System.Reflection.Assembly.Load(AssemblyName assemblyRef)
   at CBP.Main.Core.Service.ServiceRegister.Regiser(IServiceCollection services, IConfiguration configuration) in F:\work\SpecialLocalProduct\TCService\CBP.Main\Core\Service\ServiceRegister.cs:line 32


2021-01-18 22:00:59,577  [1]  ERROR  组件没有名称：DandingService
2021-01-18 22:00:59,730  [1]  ERROR  组件没有名称：PermissionBaseService
2021-01-18 22:25:01,435  [1]  ERROR  AutoMapperProfilesRegister Name:F:\work\SpecialLocalProduct\TCService\CBP.Main\bin\Debug\netcoreapp3.0\Business.LocationModels.dll
System.IO.FileNotFoundException: Could not load file or assembly 'Business.LocationModels, Culture=neutral, PublicKeyToken=null'. 系统找不到指定的文件。
File name: 'Business.LocationModels, Culture=neutral, PublicKeyToken=null'
   at System.Reflection.RuntimeAssembly.nLoad(AssemblyName fileName, String codeBase, RuntimeAssembly assemblyContext, StackCrawlMark& stackMark, Boolean throwOnFileNotFound, AssemblyLoadContext assemblyLoadContext)
   at System.Reflection.RuntimeAssembly.InternalLoadAssemblyName(AssemblyName assemblyRef, StackCrawlMark& stackMark, AssemblyLoadContext assemblyLoadContext)
   at System.Reflection.Assembly.Load(String assemblyString)
   at CBP.Main.Core.CoreAutoMapper.AutoMapperRegister.AutoMapperProfilesRegister(IServiceCollection services) in F:\work\SpecialLocalProduct\TCService\CBP.Main\Core\CoreAutoMapper\AutoMapperRegister.cs:line 34


2021-01-18 22:25:02,002  [1]  ERROR  组件实例化异常 Name:Business.LocationServices
System.IO.FileNotFoundException: Could not load file or assembly 'Business.LocationServices, Culture=neutral, PublicKeyToken=null'. 系统找不到指定的文件。
File name: 'Business.LocationServices, Culture=neutral, PublicKeyToken=null'
   at System.Reflection.RuntimeAssembly.nLoad(AssemblyName fileName, String codeBase, RuntimeAssembly assemblyContext, StackCrawlMark& stackMark, Boolean throwOnFileNotFound, AssemblyLoadContext assemblyLoadContext)
   at System.Reflection.RuntimeAssembly.InternalLoadAssemblyName(AssemblyName assemblyRef, StackCrawlMark& stackMark, AssemblyLoadContext assemblyLoadContext)
   at System.Reflection.Assembly.Load(AssemblyName assemblyRef, StackCrawlMark& stackMark, AssemblyLoadContext assemblyLoadContext)
   at System.Reflection.Assembly.Load(AssemblyName assemblyRef)
   at CBP.Main.Core.Service.ServiceRegister.Regiser(IServiceCollection services, IConfiguration configuration) in F:\work\SpecialLocalProduct\TCService\CBP.Main\Core\Service\ServiceRegister.cs:line 32


2021-01-18 22:25:02,036  [1]  ERROR  组件没有名称：DandingService
2021-01-18 22:25:02,063  [1]  ERROR  组件没有名称：PermissionBaseService
2021-01-18 22:26:39,823  [23]  ERROR  查询数据异常 sql：select rf.RoleID, r.RoleName, f.RecordID, f.FunctionName, f.FunctionValuefrom Role r left join RoleFunction rf on r.RecordID = rf.RoleID left join Function f on rf.FunctionID = f.RecordIDwhere r.RecordID = '4a227e267d17723c'
MySql.Data.MySqlClient.MySqlException (0x80004005): You have an error in your SQL syntax; check the manual that corresponds to your MySQL server version for the right syntax to use near 'r left join RoleFunction rf on r.RecordID = rf.RoleID left join Function f on rf' at line 1
   at MySql.Data.MySqlClient.MySqlStream.ReadPacket()
   at MySql.Data.MySqlClient.NativeDriver.GetResult(Int32& affectedRow, Int64& insertedId)
   at MySql.Data.MySqlClient.Driver.GetResult(Int32 statementId, Int32& affectedRows, Int64& insertedId)
   at MySql.Data.MySqlClient.Driver.NextResult(Int32 statementId, Boolean force)
   at MySql.Data.MySqlClient.MySqlDataReader.NextResult()
   at MySql.Data.MySqlClient.MySqlCommand.ExecuteReader(CommandBehavior behavior)
   at MySql.Data.MySqlClient.MySqlCommand.ExecuteDbDataReader(CommandBehavior behavior)
   at System.Data.Common.DbCommand.System.Data.IDbCommand.ExecuteReader(CommandBehavior behavior)
   at System.Data.Common.DbDataAdapter.FillInternal(DataSet dataset, DataTable[] datatables, Int32 startRecord, Int32 maxRecords, String srcTable, IDbCommand command, CommandBehavior behavior)
   at System.Data.Common.DbDataAdapter.Fill(DataSet dataSet, Int32 startRecord, Int32 maxRecords, String srcTable, IDbCommand command, CommandBehavior behavior)
   at System.Data.Common.DbDataAdapter.Fill(DataSet dataSet)
   at Public.DbHelper.MySql.MySqlClient.Query[T](String dataSql) in F:\work\SpecialLocalProduct\TCService\Public.DbHelper\MySql\MySqlClient.cs:line 228
2021-01-18 22:29:06,487  [23]  ERROR  查询数据异常 sql：select rf.RoleID, r.RoleName, f.RecordID, f.FunctionName, f.FunctionValue from Role r left join RoleFunction rf on r.RecordID = rf.RoleID left join Function f on rf.FunctionID = f.RecordID where r.RecordID = '4a227e267d17723c'
MySql.Data.MySqlClient.MySqlException (0x80004005): You have an error in your SQL syntax; check the manual that corresponds to your MySQL server version for the right syntax to use near 'Function f on rf.FunctionID = f.RecordID where r.RecordID = '4a227e267d17723c'' at line 1
   at MySql.Data.MySqlClient.MySqlStream.ReadPacket()
   at MySql.Data.MySqlClient.NativeDriver.GetResult(Int32& affectedRow, Int64& insertedId)
   at MySql.Data.MySqlClient.Driver.GetResult(Int32 statementId, Int32& affectedRows, Int64& insertedId)
   at MySql.Data.MySqlClient.Driver.NextResult(Int32 statementId, Boolean force)
   at MySql.Data.MySqlClient.MySqlDataReader.NextResult()
   at MySql.Data.MySqlClient.MySqlCommand.ExecuteReader(CommandBehavior behavior)
   at MySql.Data.MySqlClient.MySqlCommand.ExecuteDbDataReader(CommandBehavior behavior)
   at System.Data.Common.DbCommand.System.Data.IDbCommand.ExecuteReader(CommandBehavior behavior)
   at System.Data.Common.DbDataAdapter.FillInternal(DataSet dataset, DataTable[] datatables, Int32 startRecord, Int32 maxRecords, String srcTable, IDbCommand command, CommandBehavior behavior)
   at System.Data.Common.DbDataAdapter.Fill(DataSet dataSet, Int32 startRecord, Int32 maxRecords, String srcTable, IDbCommand command, CommandBehavior behavior)
   at System.Data.Common.DbDataAdapter.Fill(DataSet dataSet)
   at Public.DbHelper.MySql.MySqlClient.Query[T](String dataSql) in F:\work\SpecialLocalProduct\TCService\Public.DbHelper\MySql\MySqlClient.cs:line 228
2021-01-18 22:32:11,039  [1]  ERROR  AutoMapperProfilesRegister Name:F:\work\SpecialLocalProduct\TCService\CBP.Main\bin\Debug\netcoreapp3.0\Business.LocationModels.dll
System.IO.FileNotFoundException: Could not load file or assembly 'Business.LocationModels, Culture=neutral, PublicKeyToken=null'. 系统找不到指定的文件。
File name: 'Business.LocationModels, Culture=neutral, PublicKeyToken=null'
   at System.Reflection.RuntimeAssembly.nLoad(AssemblyName fileName, String codeBase, RuntimeAssembly assemblyContext, StackCrawlMark& stackMark, Boolean throwOnFileNotFound, AssemblyLoadContext assemblyLoadContext)
   at System.Reflection.RuntimeAssembly.InternalLoadAssemblyName(AssemblyName assemblyRef, StackCrawlMark& stackMark, AssemblyLoadContext assemblyLoadContext)
   at System.Reflection.Assembly.Load(String assemblyString)
   at CBP.Main.Core.CoreAutoMapper.AutoMapperRegister.AutoMapperProfilesRegister(IServiceCollection services) in F:\work\SpecialLocalProduct\TCService\CBP.Main\Core\CoreAutoMapper\AutoMapperRegister.cs:line 34


2021-01-18 22:32:11,573  [1]  ERROR  组件实例化异常 Name:Business.LocationServices
System.IO.FileNotFoundException: Could not load file or assembly 'Business.LocationServices, Culture=neutral, PublicKeyToken=null'. 系统找不到指定的文件。
File name: 'Business.LocationServices, Culture=neutral, PublicKeyToken=null'
   at System.Reflection.RuntimeAssembly.nLoad(AssemblyName fileName, String codeBase, RuntimeAssembly assemblyContext, StackCrawlMark& stackMark, Boolean throwOnFileNotFound, AssemblyLoadContext assemblyLoadContext)
   at System.Reflection.RuntimeAssembly.InternalLoadAssemblyName(AssemblyName assemblyRef, StackCrawlMark& stackMark, AssemblyLoadContext assemblyLoadContext)
   at System.Reflection.Assembly.Load(AssemblyName assemblyRef, StackCrawlMark& stackMark, AssemblyLoadContext assemblyLoadContext)
   at System.Reflection.Assembly.Load(AssemblyName assemblyRef)
   at CBP.Main.Core.Service.ServiceRegister.Regiser(IServiceCollection services, IConfiguration configuration) in F:\work\SpecialLocalProduct\TCService\CBP.Main\Core\Service\ServiceRegister.cs:line 32


2021-01-18 22:32:11,598  [1]  ERROR  组件没有名称：DandingService
2021-01-18 22:32:11,613  [1]  ERROR  组件没有名称：PermissionBaseService
