2023-05-05 11:11:25,447  [1]  ERROR  组件没有名称：PartService
2023-05-05 11:11:25,554  [1]  ERROR  组件没有名称：PermissionBaseService
2023-05-05 11:13:40,844  [1]  ERROR  组件没有名称：PartService
2023-05-05 11:13:40,879  [1]  ERROR  组件没有名称：PermissionBaseService
2023-05-05 11:13:56,064  [1]  ERROR  组件没有名称：PartService
2023-05-05 11:13:56,091  [1]  ERROR  组件没有名称：PermissionBaseService
2023-05-05 11:21:32,693  [1]  ERROR  组件没有名称：PartService
2023-05-05 11:21:32,712  [1]  ERROR  组件没有名称：PermissionBaseService
2023-05-05 11:25:45,217  [1]  ERROR  组件没有名称：PartService
2023-05-05 11:25:45,260  [1]  ERROR  组件没有名称：PermissionBaseService
2023-05-05 11:28:52,600  [1]  ERROR  组件没有名称：PermissionBaseService
2023-05-05 11:29:13,347  [.NET ThreadPool Worker]  ERROR  查询数据异常
System.InvalidCastException: Unable to cast object of type 'System.Int64' to type 'System.Int32'.
   at Public.DbHelper.MySql.MySqlClient.Query[T](String countSql, String dataSql) in F:\Work\Plan B\service\TCService\Public.DbHelper\MySql\MySqlClient.cs:line 251
2023-05-05 13:15:14,775  [1]  ERROR  组件没有名称：PermissionBaseService
2023-05-05 13:17:50,800  [1]  ERROR  组件没有名称：PermissionBaseService
2023-05-05 13:18:14,540  [.NET ThreadPool Worker]  ERROR  写入数据异常 tabname:model_part
MySql.Data.MySqlClient.MySqlException (0x80004005): Unknown column 'Parts' in 'field list'
   at MySql.Data.MySqlClient.MySqlStream.ReadPacket()
   at MySql.Data.MySqlClient.NativeDriver.GetResult(Int32& affectedRow, Int64& insertedId)
   at MySql.Data.MySqlClient.Driver.NextResult(Int32 statementId, Boolean force)
   at MySql.Data.MySqlClient.MySqlDataReader.NextResult()
   at MySql.Data.MySqlClient.MySqlCommand.ExecuteReader(CommandBehavior behavior)
   at MySql.Data.MySqlClient.MySqlCommand.ExecuteNonQuery()
   at MySql.Data.MySqlClient.MySqlHelper.ExecuteNonQuery(MySqlConnection connection, String commandText, MySqlParameter[] commandParameters)
   at Public.DbHelper.MySql.MySqlClient.Insert[T](T t, String tableName) in F:\Work\Plan B\service\TCService\Public.DbHelper\MySql\MySqlClient.cs:line 49
2023-05-05 13:19:53,665  [.NET ThreadPool Worker]  ERROR  写入数据异常 tabname:model_part
MySql.Data.MySqlClient.MySqlException (0x80004005): Unknown column 'Parts' in 'field list'
   at MySql.Data.MySqlClient.MySqlStream.ReadPacket()
   at MySql.Data.MySqlClient.NativeDriver.GetResult(Int32& affectedRow, Int64& insertedId)
   at MySql.Data.MySqlClient.Driver.NextResult(Int32 statementId, Boolean force)
   at MySql.Data.MySqlClient.MySqlDataReader.NextResult()
   at MySql.Data.MySqlClient.MySqlCommand.ExecuteReader(CommandBehavior behavior)
   at MySql.Data.MySqlClient.MySqlCommand.ExecuteNonQuery()
   at MySql.Data.MySqlClient.MySqlHelper.ExecuteNonQuery(MySqlConnection connection, String commandText, MySqlParameter[] commandParameters)
   at Public.DbHelper.MySql.MySqlClient.Insert[T](T t, String tableName) in F:\Work\Plan B\service\TCService\Public.DbHelper\MySql\MySqlClient.cs:line 49
2023-05-05 13:24:25,302  [1]  ERROR  组件没有名称：PermissionBaseService
2023-05-05 13:24:52,741  [.NET ThreadPool Worker]  ERROR  写入数据异常 tabname:model_part
MySql.Data.MySqlClient.MySqlException (0x80004005): Unknown column 'Parts' in 'field list'
   at MySql.Data.MySqlClient.MySqlStream.ReadPacket()
   at MySql.Data.MySqlClient.NativeDriver.GetResult(Int32& affectedRow, Int64& insertedId)
   at MySql.Data.MySqlClient.Driver.NextResult(Int32 statementId, Boolean force)
   at MySql.Data.MySqlClient.MySqlDataReader.NextResult()
   at MySql.Data.MySqlClient.MySqlCommand.ExecuteReader(CommandBehavior behavior)
   at MySql.Data.MySqlClient.MySqlCommand.ExecuteNonQuery()
   at MySql.Data.MySqlClient.MySqlHelper.ExecuteNonQuery(MySqlConnection connection, String commandText, MySqlParameter[] commandParameters)
   at Public.DbHelper.MySql.MySqlClient.Insert[T](T t, String tableName) in F:\Work\Plan B\service\TCService\Public.DbHelper\MySql\MySqlClient.cs:line 49
2023-05-05 13:26:55,137  [1]  ERROR  组件没有名称：PermissionBaseService
2023-05-05 13:29:32,482  [1]  ERROR  组件没有名称：PermissionBaseService
2023-05-05 13:29:56,112  [.NET ThreadPool Worker]  ERROR  查询数据异常
System.InvalidCastException: Unable to cast object of type 'System.Int64' to type 'System.Int32'.
   at Public.DbHelper.MySql.MySqlClient.Query[T](String countSql, String dataSql) in F:\Work\Plan B\service\TCService\Public.DbHelper\MySql\MySqlClient.cs:line 251
2023-05-05 13:31:27,579  [1]  ERROR  组件没有名称：PermissionBaseService
2023-05-05 13:31:34,619  [.NET ThreadPool Worker]  ERROR  查询数据异常
System.InvalidCastException: Unable to cast object of type 'System.Int64' to type 'System.Int32'.
   at Public.DbHelper.MySql.MySqlClient.Query[T](String countSql, String dataSql) in F:\Work\Plan B\service\TCService\Public.DbHelper\MySql\MySqlClient.cs:line 251
2023-05-05 13:33:19,833  [1]  ERROR  组件没有名称：PermissionBaseService
2023-05-05 13:36:49,197  [1]  ERROR  组件没有名称：PermissionBaseService
2023-05-05 13:40:57,326  [1]  ERROR  组件没有名称：PermissionBaseService
2023-05-05 13:43:53,207  [1]  ERROR  组件没有名称：PermissionBaseService
2023-05-05 13:46:08,161  [1]  ERROR  组件没有名称：PermissionBaseService
2023-05-05 13:48:35,608  [1]  ERROR  组件没有名称：PermissionBaseService
2023-05-05 13:51:23,004  [1]  ERROR  组件没有名称：PermissionBaseService
