2021-04-07 11:32:33,411  [1]  ERROR  组件没有名称：DandingService
2021-04-07 11:32:33,420  [1]  ERROR  组件没有名称：PermissionBaseService
2021-04-07 12:05:04,051  [1]  ERROR  组件没有名称：DandingService
2021-04-07 12:05:04,059  [1]  ERROR  组件没有名称：PermissionBaseService
2021-04-07 12:50:23,674  [1]  ERROR  组件没有名称：DandingService
2021-04-07 12:50:23,682  [1]  ERROR  组件没有名称：PermissionBaseService
2021-04-07 12:50:48,395  [15]  ERROR  查询数据异常
MySql.Data.MySqlClient.MySqlException (0x80004005): Authentication to host '127.0.0.1' for user 'root' using method 'mysql_native_password' failed with message: Unknown database 'tc'
 ---> MySql.Data.MySqlClient.MySqlException (0x80004005): Unknown database 'tc'
   at MySql.Data.MySqlClient.MySqlStream.ReadPacket()
   at MySql.Data.MySqlClient.NativeDriver.ReadPacket()
   at MySql.Data.MySqlClient.Authentication.MySqlAuthenticationPlugin.ReadPacket()
   at MySql.Data.MySqlClient.Authentication.MySqlAuthenticationPlugin.AuthenticationFailed(Exception ex)
   at MySql.Data.MySqlClient.Authentication.MySqlAuthenticationPlugin.ReadPacket()
   at MySql.Data.MySqlClient.Authentication.MySqlAuthenticationPlugin.Authenticate(Boolean reset)
   at MySql.Data.MySqlClient.NativeDriver.Authenticate(String authMethod, Boolean reset)
   at MySql.Data.MySqlClient.NativeDriver.Open()
   at MySql.Data.MySqlClient.Driver.Open()
   at MySql.Data.MySqlClient.Driver.Create(MySqlConnectionStringBuilder settings)
   at MySql.Data.MySqlClient.MySqlPool.CreateNewPooledConnection()
   at MySql.Data.MySqlClient.MySqlPool.GetPooledConnection()
   at MySql.Data.MySqlClient.MySqlPool.TryToGetDriver()
   at MySql.Data.MySqlClient.MySqlPool.GetConnection()
   at MySql.Data.MySqlClient.MySqlConnection.Open()
   at Public.DbHelper.MySql.MySqlClient.Query(String countSql, String dataSql) in F:\work\SpecialLocalProduct\TCService\Public.DbHelper\MySql\MySqlClient.cs:line 253
2021-04-07 21:19:17,548  [1]  ERROR  组件没有名称：DandingService
2021-04-07 21:19:17,561  [1]  ERROR  组件没有名称：PermissionBaseService
2021-04-07 21:22:22,330  [1]  ERROR  组件没有名称：DandingService
2021-04-07 21:22:22,343  [1]  ERROR  组件没有名称：PermissionBaseService
2021-04-07 21:43:50,364  [1]  ERROR  组件没有名称：DandingService
2021-04-07 21:43:50,378  [1]  ERROR  组件没有名称：PermissionBaseService
